2025-03-31 15:20:35.043 [info] Reading sessions from keychain...
2025-03-31 15:20:35.043 [info] Getting sessions for all scopes...
2025-03-31 15:20:35.043 [info] Getting sessions for all scopes...
2025-03-31 15:20:35.043 [info] Got 0 sessions for ...
2025-03-31 15:20:35.043 [info] Got 0 sessions for ...
2025-03-31 15:20:35.043 [info] Getting sessions for all scopes...
2025-03-31 15:20:35.043 [info] Got 0 sessions for ...
2025-03-31 15:20:35.043 [info] Getting sessions for all scopes...
2025-03-31 15:20:35.043 [info] Got 0 sessions for ...
2025-03-31 15:20:35.043 [info] Getting sessions for all scopes...
2025-03-31 15:20:35.043 [info] Got 0 sessions for ...
2025-03-31 15:20:35.043 [info] Getting sessions for all scopes...
2025-03-31 15:20:35.043 [info] Got 0 sessions for ...
2025-03-31 15:20:35.043 [info] Getting sessions for all scopes...
2025-03-31 15:20:35.043 [info] Got 0 sessions for ...
2025-03-31 15:20:36.725 [info] Getting sessions for all scopes...
2025-03-31 15:20:36.725 [info] Got 0 sessions for ...
2025-03-31 15:21:12.290 [info] Reading sessions from keychain...
2025-03-31 15:21:12.290 [info] Getting sessions for all scopes...
2025-03-31 15:21:12.290 [info] Getting sessions for all scopes...
2025-03-31 15:21:12.290 [info] Getting sessions for all scopes...
2025-03-31 15:21:12.290 [info] Getting sessions for all scopes...
2025-03-31 15:21:12.290 [info] Getting sessions for all scopes...
2025-03-31 15:21:12.290 [info] Getting sessions for all scopes...
2025-03-31 15:21:12.290 [info] Getting sessions for all scopes...
2025-03-31 15:21:12.290 [info] Got 0 sessions for ...
2025-03-31 15:21:12.290 [info] Got 0 sessions for ...
2025-03-31 15:21:12.290 [info] Got 0 sessions for ...
2025-03-31 15:21:12.290 [info] Got 0 sessions for ...
2025-03-31 15:21:12.290 [info] Got 0 sessions for ...
2025-03-31 15:21:12.290 [info] Got 0 sessions for ...
2025-03-31 15:21:12.290 [info] Got 0 sessions for ...
2025-03-31 15:21:14.184 [info] Getting sessions for all scopes...
2025-03-31 15:21:14.184 [info] Got 0 sessions for ...
2025-03-31 15:21:41.620 [info] Getting sessions for read:user,repo,user:email,workflow...
2025-03-31 15:21:41.620 [info] Got 0 sessions for read:user,repo,user:email,workflow...
